Started GET "/" for ::1 at 2023-01-18 14:10:20 +0300
  
ActiveRecord::NoDatabaseError (FATAL:  database "zoezi_fitness_backend_development" does not exist
):
  
activerecord (6.0.6) lib/active_record/connection_adapters/postgresql_adapter.rb:50:in `rescue in postgresql_connection'
activerecord (6.0.6) lib/active_record/connection_adapters/postgresql_adapter.rb:33:in `postgresql_connection'
activerecord (6.0.6) lib/active_record/connection_adapters/abstract/connection_pool.rb:887:in `new_connection'
activerecord (6.0.6) lib/active_record/connection_adapters/abstract/connection_pool.rb:931:in `checkout_new_connection'
activerecord (6.0.6) lib/active_record/connection_adapters/abstract/connection_pool.rb:910:in `try_to_checkout_new_connection'
activerecord (6.0.6) lib/active_record/connection_adapters/abstract/connection_pool.rb:871:in `acquire_connection'
activerecord (6.0.6) lib/active_record/connection_adapters/abstract/connection_pool.rb:593:in `checkout'
activerecord (6.0.6) lib/active_record/connection_adapters/abstract/connection_pool.rb:437:in `connection'
activerecord (6.0.6) lib/active_record/connection_adapters/abstract/connection_pool.rb:1125:in `retrieve_connection'
activerecord (6.0.6) lib/active_record/connection_handling.rb:221:in `retrieve_connection'
activerecord (6.0.6) lib/active_record/connection_handling.rb:189:in `connection'
activerecord (6.0.6) lib/active_record/migration.rb:562:in `call'
actionpack (6.0.6) lib/action_dispatch/middleware/callbacks.rb:27:in `block in call'
activesupport (6.0.6) lib/active_support/callbacks.rb:101:in `run_callbacks'
actionpack (6.0.6) lib/action_dispatch/middleware/callbacks.rb:26:in `call'
actionpack (6.0.6) lib/action_dispatch/middleware/executor.rb:14:in `call'
actionpack (6.0.6) lib/action_dispatch/middleware/actionable_exceptions.rb:18:in `call'
actionpack (6.0.6) lib/action_dispatch/middleware/debug_exceptions.rb:32:in `call'
actionpack (6.0.6) lib/action_dispatch/middleware/show_exceptions.rb:33:in `call'
railties (6.0.6) lib/rails/rack/logger.rb:37:in `call_app'
railties (6.0.6) lib/rails/rack/logger.rb:26:in `block in call'
activesupport (6.0.6) lib/active_support/tagged_logging.rb:80:in `block in tagged'
activesupport (6.0.6) lib/active_support/tagged_logging.rb:28:in `tagged'
activesupport (6.0.6) lib/active_support/tagged_logging.rb:80:in `tagged'
railties (6.0.6) lib/rails/rack/logger.rb:26:in `call'
actionpack (6.0.6) lib/action_dispatch/middleware/remote_ip.rb:81:in `call'
actionpack (6.0.6) lib/action_dispatch/middleware/request_id.rb:27:in `call'
rack (2.2.5) lib/rack/runtime.rb:22:in `call'
activesupport (6.0.6) lib/active_support/cache/strategy/local_cache_middleware.rb:29:in `call'
actionpack (6.0.6) lib/action_dispatch/middleware/executor.rb:14:in `call'
actionpack (6.0.6) lib/action_dispatch/middleware/static.rb:126:in `call'
rack (2.2.5) lib/rack/sendfile.rb:110:in `call'
actionpack (6.0.6) lib/action_dispatch/middleware/host_authorization.rb:103:in `call'
rack-cors (1.1.1) lib/rack/cors.rb:100:in `call'
railties (6.0.6) lib/rails/engine.rb:527:in `call'
puma (4.3.12) lib/puma/configuration.rb:228:in `call'
puma (4.3.12) lib/puma/server.rb:727:in `handle_request'
puma (4.3.12) lib/puma/server.rb:476:in `process_client'
puma (4.3.12) lib/puma/server.rb:332:in `block in run'
puma (4.3.12) lib/puma/thread_pool.rb:134:in `block in spawn_thread'
Started GET "/favicon.ico" for ::1 at 2023-01-18 14:10:20 +0300
  
ActiveRecord::NoDatabaseError (FATAL:  database "zoezi_fitness_backend_development" does not exist
):
  
activerecord (6.0.6) lib/active_record/connection_adapters/postgresql_adapter.rb:50:in `rescue in postgresql_connection'
activerecord (6.0.6) lib/active_record/connection_adapters/postgresql_adapter.rb:33:in `postgresql_connection'
activerecord (6.0.6) lib/active_record/connection_adapters/abstract/connection_pool.rb:887:in `new_connection'
activerecord (6.0.6) lib/active_record/connection_adapters/abstract/connection_pool.rb:931:in `checkout_new_connection'
activerecord (6.0.6) lib/active_record/connection_adapters/abstract/connection_pool.rb:910:in `try_to_checkout_new_connection'
activerecord (6.0.6) lib/active_record/connection_adapters/abstract/connection_pool.rb:871:in `acquire_connection'
activerecord (6.0.6) lib/active_record/connection_adapters/abstract/connection_pool.rb:593:in `checkout'
activerecord (6.0.6) lib/active_record/connection_adapters/abstract/connection_pool.rb:437:in `connection'
activerecord (6.0.6) lib/active_record/connection_adapters/abstract/connection_pool.rb:1125:in `retrieve_connection'
activerecord (6.0.6) lib/active_record/connection_handling.rb:221:in `retrieve_connection'
activerecord (6.0.6) lib/active_record/connection_handling.rb:189:in `connection'
activerecord (6.0.6) lib/active_record/migration.rb:562:in `call'
actionpack (6.0.6) lib/action_dispatch/middleware/callbacks.rb:27:in `block in call'
activesupport (6.0.6) lib/active_support/callbacks.rb:101:in `run_callbacks'
actionpack (6.0.6) lib/action_dispatch/middleware/callbacks.rb:26:in `call'
actionpack (6.0.6) lib/action_dispatch/middleware/executor.rb:14:in `call'
actionpack (6.0.6) lib/action_dispatch/middleware/actionable_exceptions.rb:18:in `call'
actionpack (6.0.6) lib/action_dispatch/middleware/debug_exceptions.rb:32:in `call'
actionpack (6.0.6) lib/action_dispatch/middleware/show_exceptions.rb:33:in `call'
railties (6.0.6) lib/rails/rack/logger.rb:37:in `call_app'
railties (6.0.6) lib/rails/rack/logger.rb:26:in `block in call'
activesupport (6.0.6) lib/active_support/tagged_logging.rb:80:in `block in tagged'
activesupport (6.0.6) lib/active_support/tagged_logging.rb:28:in `tagged'
activesupport (6.0.6) lib/active_support/tagged_logging.rb:80:in `tagged'
railties (6.0.6) lib/rails/rack/logger.rb:26:in `call'
actionpack (6.0.6) lib/action_dispatch/middleware/remote_ip.rb:81:in `call'
actionpack (6.0.6) lib/action_dispatch/middleware/request_id.rb:27:in `call'
rack (2.2.5) lib/rack/runtime.rb:22:in `call'
activesupport (6.0.6) lib/active_support/cache/strategy/local_cache_middleware.rb:29:in `call'
actionpack (6.0.6) lib/action_dispatch/middleware/executor.rb:14:in `call'
actionpack (6.0.6) lib/action_dispatch/middleware/static.rb:126:in `call'
rack (2.2.5) lib/rack/sendfile.rb:110:in `call'
actionpack (6.0.6) lib/action_dispatch/middleware/host_authorization.rb:103:in `call'
rack-cors (1.1.1) lib/rack/cors.rb:100:in `call'
railties (6.0.6) lib/rails/engine.rb:527:in `call'
puma (4.3.12) lib/puma/configuration.rb:228:in `call'
puma (4.3.12) lib/puma/server.rb:727:in `handle_request'
puma (4.3.12) lib/puma/server.rb:476:in `process_client'
puma (4.3.12) lib/puma/server.rb:332:in `block in run'
puma (4.3.12) lib/puma/thread_pool.rb:134:in `block in spawn_thread'
